<?xml version="1.0" encoding="UTF-8"?>
<!-- Generated by org.testng.reporters.JUnitXMLReporter -->
<testsuite ignored="0" hostname="DESKTOP-80LHPS8" failures="2" tests="3" name="Test2" time="11.409" errors="0" timestamp="2025-12-29T12:32:24 IST">
  <testcase classname="campaign.Caimpaign_test" name="campaignWithMendatoryFields" time="0.0">
    <skipped/>
  </testcase> <!-- campaignWithMendatoryFields -->
  <testcase classname="campaign.Caimpaign_testTest" name="campaignWithMendatoryFieldsTest" time="0.007">
    <failure type="java.lang.RuntimeException" message="Test not implemented">
      <![CDATA[java.lang.RuntimeException: Test not implemented
at campaign.Caimpaign_testTest.campaignWithMendatoryFieldsTest(Caimpaign_testTest.java:9)
at java.base/java.util.ArrayList.forEach(ArrayList.java:1596)
at java.base/java.util.concurrent.FutureTask.run(FutureTask.java:317)
at java.base/java.util.concurrent.ThreadPoolExecutor.runWorker(ThreadPoolExecutor.java:1144)
at java.base/java.util.concurrent.ThreadPoolExecutor$Worker.run(ThreadPoolExecutor.java:642)
at java.base/java.lang.Thread.run(Thread.java:1583)
... Removed 15 stack frames]]>
    </failure>
  </testcase> <!-- campaignWithMendatoryFieldsTest -->
  <testcase classname="campaign.Caimpaign_testTest" name="mainTest" time="0.004">
    <failure type="java.lang.RuntimeException" message="Test not implemented">
      <![CDATA[java.lang.RuntimeException: Test not implemented
at campaign.Caimpaign_testTest.mainTest(Caimpaign_testTest.java:14)
at java.base/java.util.ArrayList.forEach(ArrayList.java:1596)
at java.base/java.util.concurrent.FutureTask.run(FutureTask.java:317)
at java.base/java.util.concurrent.ThreadPoolExecutor.runWorker(ThreadPoolExecutor.java:1144)
at java.base/java.util.concurrent.ThreadPoolExecutor$Worker.run(ThreadPoolExecutor.java:642)
at java.base/java.lang.Thread.run(Thread.java:1583)
... Removed 15 stack frames]]>
    </failure>
  </testcase> <!-- mainTest -->
</testsuite> <!-- Test2 -->
